=/pretest.json
{
  _: [],
  f: [
    '/home/chirag/Desktop/ALL-VLABS-EXP-Deployable/exp-transformations-translation-iiith/experiment/pretest.json'
  ],
  files: [
    '/home/chirag/Desktop/ALL-VLABS-EXP-Deployable/exp-transformations-translation-iiith/experiment/pretest.json'
  ],
  c: 'assessment',
  contentTypes: 'assessment',
  'content-types': 'assessment',
  '$0': 'validate'
}
Validated true
=/posttest.json
{
  _: [],
  f: [
    '/home/chirag/Desktop/ALL-VLABS-EXP-Deployable/exp-transformations-translation-iiith/experiment/posttest.json'
  ],
  files: [
    '/home/chirag/Desktop/ALL-VLABS-EXP-Deployable/exp-transformations-translation-iiith/experiment/posttest.json'
  ],
  c: 'assessment',
  contentTypes: 'assessment',
  'content-types': 'assessment',
  '$0': 'validate'
}
Validated true
